<?xml version="1.0" encoding="UTF-8"?>
<!-- Generated by org.testng.reporters.JUnitReportReporter -->
<testsuite hostname="DESKTOP-28SANPA" name="sample.SampleTest" tests="2" failures="0" timestamp="19 Jan 2023 10:06:34 GMT" time="0.023" errors="0">
  <testcase name="sampleTest" time="0.001" classname="sample.SampleTest"/>
  <testcase name="demoTest" time="0.022" classname="sample.SampleTest"/>
</testsuite> <!-- sample.SampleTest -->
