<?xml version="1.0" encoding="UTF-8"?>
<!-- Generated by org.testng.reporters.JUnitReportReporter -->
<testsuite hostname="DESKTOP-28SANPA" name="forTemprory.Sample" tests="1" failures="0" timestamp="19 Jan 2023 09:58:02 GMT" time="0.044" errors="0">
  <testcase name="test" time="0.044" classname="forTemprory.Sample"/>
</testsuite> <!-- forTemprory.Sample -->
